<?xml version="1.0" encoding="UTF-8"?>
<testsuite name="com.capgemini.assessment.Demo.ApplicationTests" tests="1" skipped="0" failures="0" errors="0" timestamp="2023-01-10T12:23:58" hostname="LIN66012927" time="0.08">
  <properties/>
  <testcase name="contextLoads()" classname="com.capgemini.assessment.Demo.ApplicationTests" time="0.08"/>
  <system-out><![CDATA[17:53:51.140 [Test worker] DEBUG org.springframework.test.context.BootstrapUtils - Instantiating CacheAwareContextLoaderDelegate from class [org.springframework.test.context.cache.DefaultCacheAwareContextLoaderDelegate]
17:53:51.156 [Test worker] DEBUG org.springframework.test.context.BootstrapUtils - Instantiating BootstrapContext using constructor [public org.springframework.test.context.support.DefaultBootstrapContext(java.lang.Class,org.springframework.test.context.CacheAwareContextLoaderDelegate)]
17:53:51.198 [Test worker] DEBUG org.springframework.test.context.BootstrapUtils - Instantiating TestContextBootstrapper for test class [com.capgemini.assessment.Demo.ApplicationTests] from class [org.springframework.boot.test.context.SpringBootTestContextBootstrapper]
17:53:51.211 [Test worker] INFO org.springframework.boot.test.context.SpringBootTestContextBootstrapper - Neither @ContextConfiguration nor @ContextHierarchy found for test class [com.capgemini.assessment.Demo.ApplicationTests], using SpringBootContextLoader
17:53:51.216 [Test worker] DEBUG org.springframework.test.context.support.AbstractContextLoader - Did not detect default resource location for test class [com.capgemini.assessment.Demo.ApplicationTests]: class path resource [com/capgemini/assessment/Demo/ApplicationTests-context.xml] does not exist
17:53:51.217 [Test worker] DEBUG org.springframework.test.context.support.AbstractContextLoader - Did not detect default resource location for test class [com.capgemini.assessment.Demo.ApplicationTests]: class path resource [com/capgemini/assessment/Demo/ApplicationTestsContext.groovy] does not exist
17:53:51.218 [Test worker] INFO org.springframework.test.context.support.AbstractContextLoader - Could not detect default resource locations for test class [com.capgemini.assessment.Demo.ApplicationTests]: no resource found for suffixes {-context.xml, Context.groovy}.
17:53:51.219 [Test worker] INFO org.springframework.test.context.support.AnnotationConfigContextLoaderUtils - Could not detect default configuration classes for test class [com.capgemini.assessment.Demo.ApplicationTests]: ApplicationTests does not declare any static, non-private, non-final, nested classes annotated with @Configuration.
17:53:51.286 [Test worker] DEBUG org.springframework.test.context.support.ActiveProfilesUtils - Could not find an 'annotation declaring class' for annotation type [org.springframework.test.context.ActiveProfiles] and class [com.capgemini.assessment.Demo.ApplicationTests]
17:53:51.364 [Test worker] DEBUG org.springframework.context.annotation.ClassPathScanningCandidateComponentProvider - Identified candidate component class: file [C:\Users\prthatip\OneDrive - Capgemini\Documents\prashanth projects\firstMicroservice\build\classes\java\main\com\capgemini\assessment\Demo\Application.class]
17:53:51.365 [Test worker] INFO org.springframework.boot.test.context.SpringBootTestContextBootstrapper - Found @SpringBootConfiguration com.capgemini.assessment.Demo.Application for test class com.capgemini.assessment.Demo.ApplicationTests
17:53:51.484 [Test worker] DEBUG org.springframework.boot.test.context.SpringBootTestContextBootstrapper - @TestExecutionListeners is not present for class [com.capgemini.assessment.Demo.ApplicationTests]: using defaults.
17:53:51.485 [Test worker] INFO org.springframework.boot.test.context.SpringBootTestContextBootstrapper - Loaded default TestExecutionListener class names from location [META-INF/spring.factories]: [org.springframework.boot.test.autoconfigure.restdocs.RestDocsTestExecutionListener, org.springframework.boot.test.autoconfigure.web.client.MockRestServiceServerResetTestExecutionListener, org.springframework.boot.test.autoconfigure.web.servlet.MockMvcPrintOnlyOnFailureTestExecutionListener, org.springframework.boot.test.autoconfigure.web.servlet.WebDriverTestExecutionListener, org.springframework.boot.test.autoconfigure.webservices.client.MockWebServiceServerTestExecutionListener, org.springframework.boot.test.mock.mockito.MockitoTestExecutionListener, org.springframework.boot.test.mock.mockito.ResetMocksTestExecutionListener, org.springframework.test.context.web.ServletTestExecutionListener, org.springframework.test.context.support.DirtiesContextBeforeModesTestExecutionListener, org.springframework.test.context.event.ApplicationEventsTestExecutionListener, org.springframework.test.context.support.DependencyInjectionTestExecutionListener, org.springframework.test.context.support.DirtiesContextTestExecutionListener, org.springframework.test.context.transaction.TransactionalTestExecutionListener, org.springframework.test.context.jdbc.SqlScriptsTestExecutionListener, org.springframework.test.context.event.EventPublishingTestExecutionListener]
17:53:51.502 [Test worker] INFO org.springframework.boot.test.context.SpringBootTestContextBootstrapper - Using TestExecutionListeners: [org.springframework.test.context.web.ServletTestExecutionListener@3d9fc57a, org.springframework.test.context.support.DirtiesContextBeforeModesTestExecutionListener@d4ab71a, org.springframework.test.context.event.ApplicationEventsTestExecutionListener@3b4ef7, org.springframework.boot.test.mock.mockito.MockitoTestExecutionListener@1af05b03, org.springframework.boot.test.autoconfigure.SpringBootDependencyInjectionTestExecutionListener@5987e932, org.springframework.test.context.support.DirtiesContextTestExecutionListener@1ad777f, org.springframework.test.context.transaction.TransactionalTestExecutionListener@5bbbdd4b, org.springframework.test.context.jdbc.SqlScriptsTestExecutionListener@438bad7c, org.springframework.test.context.event.EventPublishingTestExecutionListener@25230246, org.springframework.boot.test.autoconfigure.restdocs.RestDocsTestExecutionListener@4fdf8f12, org.springframework.boot.test.autoconfigure.web.client.MockRestServiceServerResetTestExecutionListener@4a8b5227, org.springframework.boot.test.autoconfigure.web.servlet.MockMvcPrintOnlyOnFailureTestExecutionListener@54f5f647, org.springframework.boot.test.autoconfigure.web.servlet.WebDriverTestExecutionListener@6979efad, org.springframework.boot.test.autoconfigure.webservices.client.MockWebServiceServerTestExecutionListener@5a6d5a8f, org.springframework.boot.test.mock.mockito.ResetMocksTestExecutionListener@4a67318f]
17:53:51.507 [Test worker] DEBUG org.springframework.test.context.support.AbstractDirtiesContextTestExecutionListener - Before test class: context [DefaultTestContext@5710768a testClass = ApplicationTests, testInstance = [null], testMethod = [null], testException = [null], mergedContextConfiguration = [WebMergedContextConfiguration@199e4c2b testClass = ApplicationTests, locations = '{}', classes = '{class com.capgemini.assessment.Demo.Application}', contextInitializerClasses = '[]', activeProfiles = '{}', propertySourceLocations = '{}', propertySourceProperties = '{org.springframework.boot.test.context.SpringBootTestContextBootstrapper=true}', contextCustomizers = set[org.springframework.boot.test.autoconfigure.actuate.metrics.MetricsExportContextCustomizerFactory$DisableMetricExportContextCustomizer@44828f6b, org.springframework.boot.test.autoconfigure.properties.PropertyMappingContextCustomizer@0, org.springframework.boot.test.autoconfigure.web.servlet.WebDriverContextCustomizerFactory$Customizer@54227100, org.springframework.boot.test.context.filter.ExcludeFilterContextCustomizer@5778826f, org.springframework.boot.test.json.DuplicateJsonObjectContextCustomizerFactory$DuplicateJsonObjectContextCustomizer@72445aba, org.springframework.boot.test.mock.mockito.MockitoContextCustomizer@0, org.springframework.boot.test.web.client.TestRestTemplateContextCustomizer@878452d, org.springframework.boot.test.context.SpringBootTestArgs@1, org.springframework.boot.test.context.SpringBootTestWebEnvironment@1205bd62], resourceBasePath = 'src/main/webapp', contextLoader = 'org.springframework.boot.test.context.SpringBootContextLoader', parent = [null]], attributes = map['org.springframework.test.context.web.ServletTestExecutionListener.activateListener' -> true]], class annotated with @DirtiesContext [false] with mode [null].

  .   ____          _            __ _ _
 /\\ / ___'_ __ _ _(_)_ __  __ _ \ \ \ \
( ( )\___ | '_ | '_| | '_ \/ _` | \ \ \ \
 \\/  ___)| |_)| | | | | || (_| |  ) ) ) )
  '  |____| .__|_| |_|_| |_\__, | / / / /
 =========|_|==============|___/=/_/_/_/
 :: Spring Boot ::                (v2.6.3)

2023-01-10 17:53:52.300  INFO 25668 --- [    Test worker] c.c.assessment.Demo.ApplicationTests     : Starting ApplicationTests using Java 17.0.5 on lin66012927 with PID 25668 (started by prthatip in C:\Users\prthatip\OneDrive - Capgemini\Documents\prashanth projects\firstMicroservice)
2023-01-10 17:53:52.301  INFO 25668 --- [    Test worker] c.c.assessment.Demo.ApplicationTests     : No active profile set, falling back to default profiles: default
2023-01-10 17:53:53.582  INFO 25668 --- [    Test worker] .s.d.r.c.RepositoryConfigurationDelegate : Multiple Spring Data modules found, entering strict repository configuration mode!
2023-01-10 17:53:53.585  INFO 25668 --- [    Test worker] .s.d.r.c.RepositoryConfigurationDelegate : Bootstrapping Spring Data JDBC repositories in DEFAULT mode.
2023-01-10 17:53:53.616  INFO 25668 --- [    Test worker] .s.d.r.c.RepositoryConfigurationDelegate : Finished Spring Data repository scanning in 22 ms. Found 0 JDBC repository interfaces.
2023-01-10 17:53:53.639  INFO 25668 --- [    Test worker] .s.d.r.c.RepositoryConfigurationDelegate : Multiple Spring Data modules found, entering strict repository configuration mode!
2023-01-10 17:53:53.640  INFO 25668 --- [    Test worker] .s.d.r.c.RepositoryConfigurationDelegate : Bootstrapping Spring Data JPA repositories in DEFAULT mode.
2023-01-10 17:53:53.655  INFO 25668 --- [    Test worker] .s.d.r.c.RepositoryConfigurationDelegate : Finished Spring Data repository scanning in 9 ms. Found 0 JPA repository interfaces.
2023-01-10 17:53:54.507  INFO 25668 --- [    Test worker] com.zaxxer.hikari.HikariDataSource       : HikariPool-1 - Starting...
2023-01-10 17:53:54.932  INFO 25668 --- [    Test worker] com.zaxxer.hikari.HikariDataSource       : HikariPool-1 - Start completed.
2023-01-10 17:53:55.039  INFO 25668 --- [    Test worker] o.hibernate.jpa.internal.util.LogHelper  : HHH000204: Processing PersistenceUnitInfo [name: default]
2023-01-10 17:53:55.133  INFO 25668 --- [    Test worker] org.hibernate.Version                    : HHH000412: Hibernate ORM core version 5.6.4.Final
2023-01-10 17:53:55.406  INFO 25668 --- [    Test worker] o.hibernate.annotations.common.Version   : HCANN000001: Hibernate Commons Annotations {5.1.2.Final}
2023-01-10 17:53:55.557  INFO 25668 --- [    Test worker] org.hibernate.dialect.Dialect            : HHH000400: Using dialect: org.hibernate.dialect.H2Dialect
2023-01-10 17:53:56.168  INFO 25668 --- [    Test worker] o.h.e.t.j.p.i.JtaPlatformInitiator       : HHH000490: Using JtaPlatform implementation: [org.hibernate.engine.transaction.jta.platform.internal.NoJtaPlatform]
2023-01-10 17:53:56.177  INFO 25668 --- [    Test worker] j.LocalContainerEntityManagerFactoryBean : Initialized JPA EntityManagerFactory for persistence unit 'default'
2023-01-10 17:53:56.641  WARN 25668 --- [    Test worker] JpaBaseConfiguration$JpaWebConfiguration : spring.jpa.open-in-view is enabled by default. Therefore, database queries may be performed during view rendering. Explicitly configure spring.jpa.open-in-view to disable this warning
2023-01-10 17:53:57.239  INFO 25668 --- [    Test worker] o.s.b.a.h2.H2ConsoleAutoConfiguration    : H2 console available at '/h2-console'. Database available at 'jdbc:h2:mem:dbname'
2023-01-10 17:53:58.299  INFO 25668 --- [    Test worker] o.s.b.a.e.web.EndpointLinksResolver      : Exposing 1 endpoint(s) beneath base path '/actuator'
2023-01-10 17:53:58.407  INFO 25668 --- [    Test worker] c.c.assessment.Demo.ApplicationTests     : Started ApplicationTests in 6.835 seconds (JVM running for 8.712)
]]></system-out>
  <system-err><![CDATA[]]></system-err>
</testsuite>
